notification/build/app/outputs/mapping/release/seeds.txt
com.example.notification.MainActivity: MainActivity()
com.example.notification.MainActivity
...
com.dexterous.flutterlocalnotifications.models.NotificationDetails: java.lang.String LED_ON_MS
androidx.window.core.Version$Companion: Version$Companion()
androidx.window.core.Version: kotlin.Lazy bigInteger$delegate
com.mr.flutter.plugin.filepicker.FilePickerPlugin$LifeCycleObserver
com.dexterous.flutterlocalnotifications.models.NotificationDetails: java.lang.String CHANNEL_NAME
androidx.window.layout.HardwareFoldingFeature$Type: androidx.window.layout.HardwareFoldingFeature$Type HINGE
androidx.window.embedding.EmbeddingCompat: androidx.window.embedding.EmbeddingCompat$Companion Companion
androidx.window.embedding.EmbeddingCompat: void setEmbeddingCallback(androidx.window.embedding.EmbeddingInterfaceCompat$EmbeddingCallbackInterface)
io.flutter.view.AccessibilityViewEmbedder: boolean requestSendAccessibilityEvent(android.view.View,android.view.View,android.view.accessibility.AccessibilityEvent)
androidx.window.java.layout.WindowInfoTrackerCallbackAdapter$addListener$1$1: kotlin.coroutines.Continuation create(java.lang.Object,kotlin.coroutines.Continuation)
androidx.window.layout.HardwareFoldingFeature: androidx.window.layout.FoldingFeature$State getState()
androidx.window.core.Version: androidx.window.core.Version access$getVERSION_1_0$cp()
androidx.window.core.Bounds: int getTop()
androidx.window.layout.WindowMetricsCalculator$Companion$overrideDecorator$1: androidx.window.layout.WindowMetricsCalculator invoke(androidx.window.layout.WindowMetricsCalculator)
com.dexterous.flutterlocalnotifications.models.NotificationDetails: java.lang.String body
org.threeten.bp.MonthDay: java.lang.Object readResolve()
androidx.window.layout.SidecarWindowBackend$WindowLayoutChangeCallbackWrapper: void accept(androidx.window.layout.WindowLayoutInfo)
androidx.window.layout.ExtensionsWindowLayoutInfoAdapter: androidx.window.layout.WindowLayoutInfo translate$window_release(android.app.Activity,androidx.window.extensions.layout.WindowLayoutInfo)
androidx.window.layout.WindowMetricsCalculatorCompat: android.view.DisplayCutout getCutoutForDisplay(android.view.Display)
io.flutter.view.FlutterCallbackInformation: java.lang.String callbackName
com.dexterous.flutterlocalnotifications.FlutterLocalNotificationsPlugin: java.lang.String GET_ACTIVE_NOTIFICATIONS_ERROR_CODE
androidx.window.layout.ExtensionInterfaceCompat: boolean validateExtensionInterface()
com.dexterous.flutterlocalnotifications.models.styles.BigPictureStyleInformation
androidx.window.layout.WindowMetricsCalculatorCompat: androidx.window.layout.WindowMetricsCalculatorCompat INSTANCE
io.flutter.embedding.engine.FlutterJNI: void nativeUpdateJavaAssetManager(long,android.content.res.AssetManager,java.lang.String)
io.flutter.embedding.engine.systemchannels.PlatformChannel$SystemUiMode: io.flutter.embedding.engine.systemchannels.PlatformChannel$SystemUiMode[] values()
io.flutter.embedding.engine.systemchannels.PlatformChannel$SystemUiOverlay: io.flutter.embedding.engine.systemchannels.PlatformChannel$SystemUiOverlay valueOf(java.lang.String)
com.dexterous.flutterlocalnotifications.FlutterLocalNotificationsPlugin: java.lang.String CREATE_NOTIFICATION_CHANNEL_METHOD
io.flutter.embedding.android.FlutterActivityLaunchConfigs$BackgroundMode: io.flutter.embedding.android.FlutterActivityLaunchConfigs$BackgroundMode[] values()
androidx.window.layout.SidecarAdapter$Companion: int getRawSidecarDevicePosture(androidx.window.sidecar.SidecarDeviceState)
org.threeten.bp.Instant: java.lang.Object readResolve()
android.support.v4.media.MediaBrowserCompat$CustomActionResultReceiver
androidx.window.embedding.ActivityFilter: ActivityFilter(android.content.ComponentName,java.lang.String)
org.threeten.bp.chrono.MinguoEra
androidx.window.embedding.SplitController: boolean sDebug
androidx.window.layout.DisplayCompatHelperApi28: androidx.window.layout.DisplayCompatHelperApi28 INSTANCE