notification/build/app/outputs/mapping/release/mapping.txt
# compiler: R8
# compiler_version: 2.1.62
# min_api: 21
# pg_map_id: f02bbfc
# common_typos_disable
...
androidx.media.AudioAttributesImplBase$Builder -> androidx.media.AudioAttributesImplBase$a:
    int mLegacyStream -> d
    int mContentType -> b
    int mFlags -> c
    int mUsage -> a
    androidx.media.AudioAttributesImpl$Builder setLegacyStreamType(int) -> a
    androidx.media.AudioAttributesImpl build() -> b
    androidx.media.AudioAttributesImplBase$Builder setLegacyStreamType(int) -> c
androidx.media.R$id -> androidx.media.a:
    int media_actions -> d
    int cancel_action -> b
    int end_padder -> c
    int action0 -> a
androidx.media.R$integer -> androidx.media.b:
    int cancel_button_image_alpha -> a
androidx.media.R$layout -> androidx.media.c:
    int notification_template_media -> d
    int notification_template_big_media -> b
    int notification_template_big_media_narrow -> c
    int notification_media_action -> a
androidx.media.app.NotificationCompat$MediaStyle -> androidx.media.d.a:
    android.app.PendingIntent mCancelButtonIntent -> h
    android.support.v4.media.session.MediaSessionCompat$Token mToken -> f
    int[] mActionsToShowInCompact -> e
    boolean mShowCancelButton -> g
    void apply(androidx.core.app.NotificationBuilderWithBuilderAccessor) -> b
    android.widget.RemoteViews makeBigContentView(androidx.core.app.NotificationBuilderWithBuilderAccessor) -> i
    android.widget.RemoteViews makeContentView(androidx.core.app.NotificationBuilderWithBuilderAccessor) -> j
    android.app.Notification$MediaStyle fillInMediaStyle(android.app.Notification$MediaStyle) -> m
    android.widget.RemoteViews generateBigContentView() -> n
    android.widget.RemoteViews generateContentView() -> o
    android.widget.RemoteViews generateMediaActionButton(androidx.core.app.NotificationCompat$Action) -> p
    int getBigContentViewLayoutResource(int) -> q
    int getContentViewLayoutResource() -> r
androidx.savedstate.Recreator -> androidx.savedstate.Recreator:
    androidx.savedstate.SavedStateRegistryOwner mOwner -> a
    void onStateChanged(androidx.lifecycle.LifecycleOwner,androidx.lifecycle.Lifecycle$Event) -> g
androidx.savedstate.SavedStateRegistry -> androidx.savedstate.a:
    boolean mAllowingSavingState -> a
    android.os.Bundle consumeRestoredStateForKey(java.lang.String) -> a
androidx.savedstate.SavedStateRegistry$1 -> androidx.savedstate.SavedStateRegistry$1:
    androidx.savedstate.SavedStateRegistry this$0 -> a
    void onStateChanged(androidx.lifecycle.LifecycleOwner,androidx.lifecycle.Lifecycle$Event) -> g
androidx.savedstate.SavedStateRegistryOwner -> androidx.savedstate.b:
    androidx.savedstate.SavedStateRegistry getSavedStateRegistry() -> j
androidx.tracing.Trace -> e.d.a:
    void beginSection(java.lang.String) -> a
    void endSection() -> b
androidx.tracing.TraceApi18Impl -> e.d.b:
    void beginSection(java.lang.String) -> a
    void endSection() -> b
androidx.versionedparcelable.ParcelImpl -> androidx.versionedparcelable.ParcelImpl:
    androidx.versionedparcelable.VersionedParcelable mParcel -> d
    androidx.versionedparcelable.VersionedParcelable getVersionedParcel() -> a
androidx.versionedparcelable.ParcelImpl$1 -> androidx.versionedparcelable.ParcelImpl$a:
    androidx.versionedparcelable.ParcelImpl createFromParcel(android.os.Parcel) -> a
    androidx.versionedparcelable.ParcelImpl[] newArray(int) -> b
androidx.versionedparcelable.ParcelUtils -> androidx.versionedparcelable.a:
    androidx.versionedparcelable.VersionedParcelable fromParcelable(android.os.Parcelable) -> a
    androidx.versionedparcelable.VersionedParcelable getVersionedParcelable(android.os.Bundle,java.lang.String) -> b