notification/build/app/outputs/mapping/release/usage.txt
com.example.notification.R$attr
com.example.notification.R$mipmap
com.example.notification.R
com.example.notification.R$dimen
com.example.notification.R$styleable
com.example.notification.R$color
com.example.notification.BuildConfig
com.example.notification.R$drawable
com.example.notification.R$id
com.example.notification.R$integer
com.example.notification.R$layout
com.example.notification.R$string
com.example.notification.R$style
...
com.mr.flutter.plugin.filepicker.FileUtils:
    public void <init>()
    private static final java.lang.String TAG
    private static final java.lang.String PRIMARY_VOLUME_NAME
kotlin.LazyKt__LazyJVMKt$WhenMappings
kotlin.jvm.functions.Function4:
    public abstract java.lang.Object invoke(java.lang.Object,java.lang.Object,java.lang.Object,java.lang.Object)
androidx.core.widget.PopupWindowCompat
androidx.fragment.app.FragmentTransitionImpl$1
io.flutter.app.FlutterActivityDelegate
androidx.core.content.pm.PermissionInfoCompat
kotlin.io.SerializableKt
androidx.core.view.ViewCompat$ScrollIndicators
io.flutter.embedding.android.SplashScreenProvider
androidx.core.view.NestedScrollingParentHelper
kotlin.jvm.internal.ByteSpreadBuilder
io.flutter.embedding.engine.FlutterEngineGroup$Options
kotlin.sequences.SequencesKt___SequencesKt$flatMapIndexed$1
androidx.core.location.LocationManagerCompat$PreRGnssStatusTransport$3
androidx.core.view.accessibility.AccessibilityWindowInfoCompat
kotlinx.coroutines.channels.AbstractChannel$ReceiveSelect
androidx.core.location.LocationManagerCompat
kotlin.text.Typography
kotlinx.coroutines.internal.InlineList:
    public static final void forEachReversed-impl(java.lang.Object,kotlin.jvm.functions.Function1)
    public static java.lang.String toString-impl(java.lang.Object)
    public static int hashCode-impl(java.lang.Object)
    public static boolean equals-impl(java.lang.Object,java.lang.Object)
    private synthetic void <init>(java.lang.Object)
    public static final synthetic kotlinx.coroutines.internal.InlineList box-impl(java.lang.Object)
    public static final boolean equals-impl0(java.lang.Object,java.lang.Object)
    public java.lang.String toString()
    public int hashCode()
    public boolean equals(java.lang.Object)
    public final synthetic java.lang.Object unbox-impl()
    private final java.lang.Object holder
io.flutter.embedding.android.FlutterActivity$CachedEngineIntentBuilder
kotlinx.coroutines.ExceptionsKt:
    public static final void addSuppressedThrowable(java.lang.Throwable,java.lang.Throwable)
kotlin.ULongArray
org.threeten.bp.chrono.ThaiBuddhistEra:
    public java.lang.String getDisplayName(org.threeten.bp.format.TextStyle,java.util.Locale)
kotlinx.coroutines.sync.MutexImpl$UnlockOp
androidx.activity.R$color
io.flutter.plugin.common.FlutterException:
    private static final java.lang.String TAG
androidx.media.MediaBrowserServiceCompat$MediaBrowserServiceImplApi26$MediaBrowserServiceApi26
kotlinx.coroutines.flow.FlowKt__TransformKt$runningFold$$inlined$unsafeFlow$1$1
kotlin.jvm.functions.Function20:
    public abstract java.lang.Object invoke(java.lang.Object,java.lang.Object,java.lang.Object,java.lang.Object,java.lang.Object,java.lang.Object,java.lang.Object,java.lang.Object,java.lang.Object,java.lang.Object,java.lang.Object,java.lang.Object,java.lang.Object,java.lang.Object,java.lang.Object,java.lang.Object,java.lang.Object,java.lang.Object,java.lang.Object,java.lang.Object)
androidx.lifecycle.ViewModel
androidx.annotation.RequiresApi
kotlinx.coroutines.flow.FlowKt__ZipKt$combineTransformUnsafe$1
androidx.media.AudioAttributesImplApi26$Builder:
    void <init>(java.lang.Object)
    public androidx.media.AudioAttributesImplApi26$Builder setUsage(int)
    public synthetic bridge androidx.media.AudioAttributesImplApi21$Builder setUsage(int)
    public synthetic bridge androidx.media.AudioAttributesImpl$Builder setUsage(int)
androidx.core.location.LocationManagerCompat$GpsStatusTransport$1
kotlin.jvm.internal.LocalVariableReference
kotlinx.coroutines.channels.ChannelsKt__DeprecatedKt
android.support.v4.media.MediaBrowserCompat$MediaBrowserImplBase$2
androidx.core.app.NotificationCompat$DecoratedCustomViewStyle
androidx.viewpager.R$color
kotlin.internal.AccessibleLateinitPropertyLiteral
kotlin.jvm.internal.ShortSpreadBuilder